<?xml version="1.0" encoding="UTF-8"?>
<!-- Generated by org.testng.reporters.JUnitReportReporter -->
<testsuite hostname="DESKTOP-S47AR8E" failures="0" tests="5" name="HRMPowerTestcase.TCAddEmployee" time="138.749" errors="0" timestamp="2022-09-13T17:21:16 IST" skipped="0">
  <testcase classname="HRMPowerTestcase.TCAddEmployee" name="setup" time="28.671"/>
  <system-out/>
  <testcase classname="HRMPowerTestcase.TCAddEmployee" name="logintest" time="3.244"/>
  <system-out/>
  <testcase classname="HRMPowerTestcase.TCAddEmployee" name="navigateToAddEmployee" time="7.876"/>
  <system-out/>
  <testcase classname="HRMPowerTestcase.TCAddEmployee" name="AddEmployeeObject" time="98.730"/>
  <system-out/>
  <testcase classname="HRMPowerTestcase.TCAddEmployee" name="takeScreenshot" time="0.228"/>
  <system-out/>
</testsuite> <!-- HRMPowerTestcase.TCAddEmployee -->
