<?xml version="1.0" encoding="UTF-8"?>
<!-- Generated by org.testng.reporters.JUnitReportReporter -->
<testsuite hostname="DESKTOP-S47AR8E" failures="0" tests="7" name="HRMPowerTestcase.TCAddHoliday" time="62.972" errors="0" timestamp="2022-09-13T17:29:39 IST" skipped="0">
  <testcase classname="HRMPowerTestcase.TCAddHoliday" name="setup" time="30.034"/>
  <system-out/>
  <testcase classname="HRMPowerTestcase.TCAddHoliday" name="logintest" time="1.253"/>
  <system-out/>
  <testcase classname="HRMPowerTestcase.TCAddHoliday" name="navigateToSearchUser" time="4.781"/>
  <system-out/>
  <testcase classname="HRMPowerTestcase.TCAddHoliday" name="AddHolidayObject" time="1.500"/>
  <system-out/>
  <testcase classname="HRMPowerTestcase.TCAddHoliday" name="AddHolidayObject" time="7.775"/>
  <system-out/>
  <testcase classname="HRMPowerTestcase.TCAddHoliday" name="AddHolidayObjects" time="9.728"/>
  <system-out/>
  <testcase classname="HRMPowerTestcase.TCAddHoliday" name="AddHolidayObjectss" time="7.901"/>
  <system-out/>
</testsuite> <!-- HRMPowerTestcase.TCAddHoliday -->
