<?xml version="1.0" encoding="UTF-8"?>
<!-- Generated by org.testng.reporters.JUnitReportReporter -->
<testsuite hostname="DESKTOP-S47AR8E" failures="0" tests="12" name="HRMPowerTestcase.TCSearchEmployee" time="191.002" errors="0" timestamp="2022-09-13T15:40:11 IST" skipped="0">
  <testcase classname="HRMPowerTestcase.TCSearchEmployee" name="setup" time="91.979"/>
  <system-out/>
  <testcase classname="HRMPowerTestcase.TCSearchEmployee" name="logintest" time="4.691"/>
  <system-out/>
  <testcase classname="HRMPowerTestcase.TCSearchEmployee" name="navigateToSearchUser" time="15.527"/>
  <system-out/>
  <testcase classname="HRMPowerTestcase.TCSearchEmployee" name="SearchEmployeeObjects" time="22.540"/>
  <system-out/>
  <testcase classname="HRMPowerTestcase.TCSearchEmployee" name="SearchEmployeeObjects" time="6.043"/>
  <system-out/>
  <testcase classname="HRMPowerTestcase.TCSearchEmployee" name="SearchEmployeeObjects" time="5.977"/>
  <system-out/>
  <testcase classname="HRMPowerTestcase.TCSearchEmployee" name="SearchEmployeeObjectssss" time="6.162"/>
  <system-out/>
  <testcase classname="HRMPowerTestcase.TCSearchEmployee" name="SearchEmployeeObjectssss" time="6.383"/>
  <system-out/>
  <testcase classname="HRMPowerTestcase.TCSearchEmployee" name="SearchEmployeeObjectssss" time="5.880"/>
  <system-out/>
  <testcase classname="HRMPowerTestcase.TCSearchEmployee" name="SearchEmployeeObjectssss" time="6.111"/>
  <system-out/>
  <testcase classname="HRMPowerTestcase.TCSearchEmployee" name="SearchEmployeeObjectssss" time="6.143"/>
  <system-out/>
  <testcase classname="HRMPowerTestcase.TCSearchEmployee" name="SearchEmployeeObjectss" time="13.566"/>
  <system-out/>
</testsuite> <!-- HRMPowerTestcase.TCSearchEmployee -->
