<?xml version="1.0" encoding="UTF-8"?>
<!-- Generated by org.testng.reporters.JUnitReportReporter -->
<testsuite hostname="DESKTOP-CUQU5U4" failures="0" tests="1" name="HRMPowerTestcase.BaseClass" time="10.546" errors="0" timestamp="2022-07-08T16:43:02 IST" skipped="0">
  <testcase classname="HRMPowerTestcase.BaseClass" name="setup" time="10.546"/>
  <system-out/>
</testsuite> <!-- HRMPowerTestcase.BaseClass -->
