<?xml version="1.0" encoding="UTF-8"?>
<!-- Generated by org.testng.reporters.JUnitReportReporter -->
<testsuite hostname="DESKTOP-S47AR8E" failures="0" tests="3" name="HRMPowerTestcase.TCLoginTest" time="89.555" errors="0" timestamp="2022-09-13T15:35:51 IST" skipped="0">
  <testcase classname="HRMPowerTestcase.TCLoginTest" name="loginTest" time="15.340"/>
  <system-out/>
  <testcase classname="HRMPowerTestcase.TCLoginTest" name="loginTest" time="15.721"/>
  <system-out/>
  <testcase classname="HRMPowerTestcase.TCLoginTest" name="loginTest" time="58.494"/>
  <system-out/>
</testsuite> <!-- HRMPowerTestcase.TCLoginTest -->
