<?xml version="1.0" encoding="UTF-8"?>
<!-- Generated by org.testng.reporters.JUnitReportReporter -->
<testsuite hostname="DESKTOP-S47AR8E" failures="0" tests="4" name="HRMPowerTestcase.TCEmployeeHolidays" time="38.369" errors="0" timestamp="2022-09-13T12:37:10 IST" skipped="0">
  <testcase classname="HRMPowerTestcase.TCEmployeeHolidays" name="setup" time="23.528"/>
  <system-out/>
  <testcase classname="HRMPowerTestcase.TCEmployeeHolidays" name="logintest" time="2.877"/>
  <system-out/>
  <testcase classname="HRMPowerTestcase.TCEmployeeHolidays" name="navigateToEmployeeHolidays" time="11.708"/>
  <system-out/>
  <testcase classname="HRMPowerTestcase.TCEmployeeHolidays" name="takeScreenshot" time="0.256"/>
  <system-out/>
</testsuite> <!-- HRMPowerTestcase.TCEmployeeHolidays -->
